[debug] [2025-12-24T04:28:13.783Z] ----------------------------------------------------------------------
[debug] [2025-12-24T04:28:13.785Z] Command:       C:\nvm4w\nodejs\node.exe C:\nvm4w\nodejs\node_modules\firebase-tools\lib\bin\firebase.js projects:list
[debug] [2025-12-24T04:28:13.786Z] CLI Version:   14.27.0
[debug] [2025-12-24T04:28:13.786Z] Platform:      win32
[debug] [2025-12-24T04:28:13.786Z] Node Version:  v20.19.2
[debug] [2025-12-24T04:28:13.786Z] Time:          Tue Dec 23 2025 23:28:13 GMT-0500 (Eastern Standard Time)
[debug] [2025-12-24T04:28:13.786Z] ----------------------------------------------------------------------
[debug] 
[debug] [2025-12-24T04:28:13.788Z] >>> [apiv2][query] GET https://firebase-public.firebaseio.com/cli.json [none]
[debug] [2025-12-24T04:28:13.986Z] > command requires scopes: ["email","openid","https://www.googleapis.com/auth/cloudplatformprojects.readonly","https://www.googleapis.com/auth/firebase","https://www.googleapis.com/auth/cloud-platform"]
[debug] [2025-12-24T04:28:13.986Z] > authorizing via signed-in user (bertin.kenol@omniflexfitness.com)
[debug] [2025-12-24T04:28:13.989Z] Checked if tokens are valid: false, expires at: 1766028402029
[debug] [2025-12-24T04:28:13.989Z] Checked if tokens are valid: false, expires at: 1766028402029
[debug] [2025-12-24T04:28:13.990Z] > refreshing access token with scopes: []
[debug] [2025-12-24T04:28:13.990Z] >>> [apiv2][query] POST https://www.googleapis.com/oauth2/v3/token [none]
[debug] [2025-12-24T04:28:13.991Z] >>> [apiv2][body] POST https://www.googleapis.com/oauth2/v3/token [omitted]
[debug] [2025-12-24T04:28:14.134Z] <<< [apiv2][status] POST https://www.googleapis.com/oauth2/v3/token 400
[debug] [2025-12-24T04:28:14.135Z] <<< [apiv2][body] POST https://www.googleapis.com/oauth2/v3/token [omitted]
[error] Authentication Error: Your credentials are no longer valid. Please run firebase login --reauth

For CI servers and headless environments, generate a new token with firebase login:ci
[error] Authentication Error: Your credentials are no longer valid. Please run firebase login --reauth

For CI servers and headless environments, generate a new token with firebase login:ci
[debug] [2025-12-24T04:28:14.135Z] Authentication Error: Your credentials are no longer valid. Please run firebase login --reauth

For CI servers and headless environments, generate a new token with firebase login:ci
[debug] [2025-12-24T04:28:14.136Z] FirebaseError: Authentication Error: Your credentials are no longer valid. Please run firebase login --reauth

For CI servers and headless environments, generate a new token with firebase login:ci
    at invalidCredentialError (C:\Users\bertk\AppData\Local\nvm\v20.19.2\node_modules\firebase-tools\lib\auth.js:167:12)
    at refreshTokens (C:\Users\bertk\AppData\Local\nvm\v20.19.2\node_modules\firebase-tools\lib\auth.js:591:15)
    at process.processTicksAndRejections (node:internal/process/task_queues:95:5)
    at async getAccessToken (C:\Users\bertk\AppData\Local\nvm\v20.19.2\node_modules\firebase-tools\lib\apiv2.js:42:18)
    at async Client.addAuthHeader (C:\Users\bertk\AppData\Local\nvm\v20.19.2\node_modules\firebase-tools\lib\apiv2.js:169:21)
    at async Client.request (C:\Users\bertk\AppData\Local\nvm\v20.19.2\node_modules\firebase-tools\lib\apiv2.js:120:34)
    at async getProjectPage (C:\Users\bertk\AppData\Local\nvm\v20.19.2\node_modules\firebase-tools\lib\management\projects.js:279:17)
    at async getFirebaseProjectPage (C:\Users\bertk\AppData\Local\nvm\v20.19.2\node_modules\firebase-tools\lib\management\projects.js:296:23)
    at async listFirebaseProjects (C:\Users\bertk\AppData\Local\nvm\v20.19.2\node_modules\firebase-tools\lib\management\projects.js:327:29)
    at async Command.actionFn (C:\Users\bertk\AppData\Local\nvm\v20.19.2\node_modules\firebase-tools\lib\commands\projects-list.js:51:20)
[error] 
[error] Error: Failed to list Firebase projects. See firebase-debug.log for more info.
[debug] [2025-12-24T04:28:14.146Z] <<< [apiv2][status] GET https://firebase-public.firebaseio.com/cli.json 200
[debug] [2025-12-24T04:28:14.147Z] <<< [apiv2][body] GET https://firebase-public.firebaseio.com/cli.json {"cloudBuildErrorAfter":1594252800000,"cloudBuildWarnAfter":1590019200000,"defaultNode10After":1594252800000,"minVersion":"3.0.5","node8DeploysDisabledAfter":1613390400000,"node8RuntimeDisabledAfter":1615809600000,"node8WarnAfter":1600128000000}
